<?xml version="1.0" encoding="utf-8" ?>
<!DOCTYPE html PUBLIC "-//W3C//DTD XHTML 1.0 Strict//EN"
        "http://www.w3.org/TR/xhtml1/DTD/xhtml1-strict.dtd">
<html xmlns="http://www.w3.org/1999/xhtml" xml:lang="" lang="">
<head>
  <title>Test Results Report - Login Test</title>
  <meta http-equiv="Content-Type" content="text/html;charset=utf-8" />
  <meta name="description" content="TestNG unit test results." />
  <link href="reportng.css" rel="stylesheet" type="text/css" />
    <script type="text/javascript" src="reportng.js"></script>
</head>
<body>
<h1>Login Test</h1>
<p>
  Test duration: 136.529s
</p>



  <table class="resultsTable">
    <tr><th colspan="3" class="header failed">Failed Tests</th></tr>
          <tr>
        <td colspan="3" class="group">com.softwaretestingboard.magento.testsuite.GearTest</td>
      </tr>
            
<tr>
  <td class="method">
                  userShouldAddProductSuccessFullyToShoppingCart
      </td>
  <td class="duration">
    22.301s
  </td>
  <td class="result">
        
    
            <div class="testOutput">
                        Mouse hover on GearMenu in topMenu<br />
                                Click on bags<br />
                  </div>
    

        <a href="javascript:toggleElement('exception-0', 'block')" title="Click to expand/collapse"><b>org.openqa.selenium.ElementNotInteractableException: element not interactable<br/>
&nbsp; (Session info: chrome=114.0.5735.199)<br/>
Build info: version: &apos;4.9.0&apos;, revision: &apos;d7057100a6&apos;<br/>
System info: os.name: &apos;Windows 10&apos;, os.arch: &apos;amd64&apos;, os.version: &apos;10.0&apos;, java.version: &apos;1.8.0_121&apos;<br/>
Driver info: org.openqa.selenium.chrome.ChromeDriver<br/>
Command: [9ca7820b823a4770fedeadadd982fca3, clickElement {id=860F08949CEE8D3886C104DA86A14670_element_37}]<br/>
Capabilities {acceptInsecureCerts: false, browserName: chrome, browserVersion: 114.0.5735.199, chrome: {chromedriverVersion: 114.0.5735.90 (386bc09e8f4f..., userDataDir: C:\Users\sarva\AppData\Loca...}, goog:chromeOptions: {debuggerAddress: localhost:62269}, networkConnectionEnabled: false, pageLoadStrategy: normal, platformName: WINDOWS, proxy: Proxy(), se:cdp: ws://localhost:62269/devtoo..., se:cdpVersion: 114.0.5735.199, setWindowRect: true, strictFileInteractability: false, timeouts: {implicit: 0, pageLoad: 300000, script: 30000}, unhandledPromptBehavior: dismiss and notify, webauthn:extension:credBlob: true, webauthn:extension:largeBlob: true, webauthn:extension:minPinLength: true, webauthn:extension:prf: true, webauthn:virtualAuthenticators: true}<br/>
Element: [[ChromeDriver: chrome on WINDOWS (9ca7820b823a4770fedeadadd982fca3)] -&gt; xpath: //span[normalize-space()=&apos;Bags&apos;]]<br/>
Session ID: 9ca7820b823a4770fedeadadd982fca3</b></a><br />
    <div class="stackTrace" id="exception-0">
              sun.reflect.NativeConstructorAccessorImpl.newInstance0(Native Method)<br />
              sun.reflect.NativeConstructorAccessorImpl.newInstance(NativeConstructorAccessorImpl.java:62)<br />
              sun.reflect.DelegatingConstructorAccessorImpl.newInstance(DelegatingConstructorAccessorImpl.java:45)<br />
              java.lang.reflect.Constructor.newInstance(Constructor.java:423)<br />
              org.openqa.selenium.remote.codec.w3c.W3CHttpResponseCodec.createException(W3CHttpResponseCodec.java:200)<br />
              org.openqa.selenium.remote.codec.w3c.W3CHttpResponseCodec.decode(W3CHttpResponseCodec.java:133)<br />
              org.openqa.selenium.remote.codec.w3c.W3CHttpResponseCodec.decode(W3CHttpResponseCodec.java:53)<br />
              org.openqa.selenium.remote.HttpCommandExecutor.execute(HttpCommandExecutor.java:193)<br />
              org.openqa.selenium.remote.service.DriverCommandExecutor.invokeExecute(DriverCommandExecutor.java:183)<br />
              org.openqa.selenium.remote.service.DriverCommandExecutor.execute(DriverCommandExecutor.java:158)<br />
              org.openqa.selenium.remote.RemoteWebDriver.execute(RemoteWebDriver.java:543)<br />
              org.openqa.selenium.remote.RemoteWebElement.execute(RemoteWebElement.java:257)<br />
              org.openqa.selenium.remote.RemoteWebElement.click(RemoteWebElement.java:78)<br />
              sun.reflect.NativeMethodAccessorImpl.invoke0(Native Method)<br />
              sun.reflect.NativeMethodAccessorImpl.invoke(NativeMethodAccessorImpl.java:62)<br />
              sun.reflect.DelegatingMethodAccessorImpl.invoke(DelegatingMethodAccessorImpl.java:43)<br />
              java.lang.reflect.Method.invoke(Method.java:498)<br />
              org.openqa.selenium.support.pagefactory.internal.LocatingElementHandler.invoke(LocatingElementHandler.java:52)<br />
              com.sun.proxy.$Proxy16.click(Unknown Source)<br />
              com.softwaretestingboard.magento.utility.Utility.clickOnElement(Utility.java:55)<br />
              com.softwaretestingboard.magento.pages.HomePage.clickOnBags(HomePage.java:99)<br />
              com.softwaretestingboard.magento.testsuite.GearTest.userShouldAddProductSuccessFullyToShoppingCart(GearTest.java:41)<br />
              sun.reflect.NativeMethodAccessorImpl.invoke0(Native Method)<br />
              sun.reflect.NativeMethodAccessorImpl.invoke(NativeMethodAccessorImpl.java:62)<br />
              sun.reflect.DelegatingMethodAccessorImpl.invoke(DelegatingMethodAccessorImpl.java:43)<br />
              java.lang.reflect.Method.invoke(Method.java:498)<br />
              org.testng.internal.invokers.MethodInvocationHelper.invokeMethod(MethodInvocationHelper.java:135)<br />
              org.testng.internal.invokers.TestInvoker.invokeMethod(TestInvoker.java:673)<br />
              org.testng.internal.invokers.TestInvoker.invokeTestMethod(TestInvoker.java:220)<br />
              org.testng.internal.invokers.MethodRunner.runInSequence(MethodRunner.java:50)<br />
              org.testng.internal.invokers.TestInvoker$MethodInvocationAgent.invoke(TestInvoker.java:945)<br />
              org.testng.internal.invokers.TestInvoker.invokeTestMethods(TestInvoker.java:193)<br />
              org.testng.internal.invokers.TestMethodWorker.invokeTestMethods(TestMethodWorker.java:146)<br />
              org.testng.internal.invokers.TestMethodWorker.run(TestMethodWorker.java:128)<br />
              java.util.ArrayList.forEach(ArrayList.java:1249)<br />
              org.testng.TestRunner.privateRun(TestRunner.java:808)<br />
              org.testng.TestRunner.run(TestRunner.java:603)<br />
              org.testng.SuiteRunner.runTest(SuiteRunner.java:429)<br />
              org.testng.SuiteRunner.runSequentially(SuiteRunner.java:423)<br />
              org.testng.SuiteRunner.privateRun(SuiteRunner.java:383)<br />
              org.testng.SuiteRunner.run(SuiteRunner.java:326)<br />
              org.testng.SuiteRunnerWorker.runSuite(SuiteRunnerWorker.java:52)<br />
              org.testng.SuiteRunnerWorker.run(SuiteRunnerWorker.java:95)<br />
              org.testng.TestNG.runSuitesSequentially(TestNG.java:1249)<br />
              org.testng.TestNG.runSuitesLocally(TestNG.java:1169)<br />
              org.testng.TestNG.runSuites(TestNG.java:1092)<br />
              org.testng.TestNG.run(TestNG.java:1060)<br />
              com.intellij.rt.testng.IDEARemoteTestNG.run(IDEARemoteTestNG.java:66)<br />
              com.intellij.rt.testng.RemoteTestNGStarter.main(RemoteTestNGStarter.java:105)<br />
                </div>
      </td>
</tr>
          <tr>
        <td colspan="3" class="group">com.softwaretestingboard.magento.testsuite.WomenJacketsTest</td>
      </tr>
            
<tr>
  <td class="method">
                  verifyTheSortByPriceFilter
      </td>
  <td class="duration">
    44.240s
  </td>
  <td class="result">
        
    
            <div class="testOutput">
                        Mouse hover on WomenMenu in topMenu<br />
                                Mouser hover on tops <br />
                  </div>
    

        <a href="javascript:toggleElement('exception-1', 'block')" title="Click to expand/collapse"><b>org.openqa.selenium.json.JsonException: java.lang.reflect.InvocationTargetException<br/>
Build info: version: &apos;4.9.0&apos;, revision: &apos;d7057100a6&apos;<br/>
System info: os.name: &apos;Windows 10&apos;, os.arch: &apos;amd64&apos;, os.version: &apos;10.0&apos;, java.version: &apos;1.8.0_121&apos;<br/>
Driver info: org.openqa.selenium.chrome.ChromeDriver<br/>
Command: [32193a12a6809e4037a6419d050195dc, actions {actions=[org.openqa.selenium.interactions.Sequence@3044e9c7]}]<br/>
Capabilities {acceptInsecureCerts: false, browserName: chrome, browserVersion: 114.0.5735.199, chrome: {chromedriverVersion: 114.0.5735.90 (386bc09e8f4f..., userDataDir: C:\Users\sarva\AppData\Loca...}, goog:chromeOptions: {debuggerAddress: localhost:62386}, networkConnectionEnabled: false, pageLoadStrategy: normal, platformName: WINDOWS, proxy: Proxy(), se:cdp: ws://localhost:62386/devtoo..., se:cdpVersion: 114.0.5735.199, setWindowRect: true, strictFileInteractability: false, timeouts: {implicit: 0, pageLoad: 300000, script: 30000}, unhandledPromptBehavior: dismiss and notify, webauthn:extension:credBlob: true, webauthn:extension:largeBlob: true, webauthn:extension:minPinLength: true, webauthn:extension:prf: true, webauthn:virtualAuthenticators: true}<br/>
Session ID: 32193a12a6809e4037a6419d050195dc</b></a><br />
    <div class="stackTrace" id="exception-1">
              org.openqa.selenium.json.JsonOutput.convertUsingMethod(JsonOutput.java:362)<br />
              org.openqa.selenium.json.JsonOutput.lambda$new$16(JsonOutput.java:154)<br />
              org.openqa.selenium.json.JsonOutput.write(JsonOutput.java:287)<br />
              org.openqa.selenium.json.JsonOutput.lambda$new$22(JsonOutput.java:169)<br />
              java.util.stream.ForEachOps$ForEachOp$OfRef.accept(ForEachOps.java:184)<br />
              java.util.stream.ReferencePipeline$2$1.accept(ReferencePipeline.java:175)<br />
              java.util.Iterator.forEachRemaining(Iterator.java:116)<br />
              java.util.Spliterators$IteratorSpliterator.forEachRemaining(Spliterators.java:1801)<br />
              java.util.stream.AbstractPipeline.copyInto(AbstractPipeline.java:481)<br />
              java.util.stream.AbstractPipeline.wrapAndCopyInto(AbstractPipeline.java:471)<br />
              java.util.stream.ForEachOps$ForEachOp.evaluateSequential(ForEachOps.java:151)<br />
              java.util.stream.ForEachOps$ForEachOp$OfRef.evaluateSequential(ForEachOps.java:174)<br />
              java.util.stream.AbstractPipeline.evaluate(AbstractPipeline.java:234)<br />
              java.util.stream.ReferencePipeline.forEach(ReferencePipeline.java:418)<br />
              org.openqa.selenium.json.JsonOutput.lambda$new$23(JsonOutput.java:169)<br />
              org.openqa.selenium.json.JsonOutput.write(JsonOutput.java:287)<br />
              org.openqa.selenium.json.JsonOutput.lambda$new$24(JsonOutput.java:182)<br />
              com.google.common.collect.SingletonImmutableBiMap.forEach(SingletonImmutableBiMap.java:68)<br />
              org.openqa.selenium.json.JsonOutput.lambda$new$25(JsonOutput.java:177)<br />
              org.openqa.selenium.json.JsonOutput.write(JsonOutput.java:287)<br />
              org.openqa.selenium.json.JsonOutput.write(JsonOutput.java:278)<br />
              org.openqa.selenium.json.Json.toJson(Json.java:42)<br />
              org.openqa.selenium.remote.codec.AbstractHttpCommandCodec.encode(AbstractHttpCommandCodec.java:258)<br />
              org.openqa.selenium.remote.codec.AbstractHttpCommandCodec.encode(AbstractHttpCommandCodec.java:122)<br />
              org.openqa.selenium.remote.HttpCommandExecutor.execute(HttpCommandExecutor.java:181)<br />
              org.openqa.selenium.remote.service.DriverCommandExecutor.invokeExecute(DriverCommandExecutor.java:183)<br />
              org.openqa.selenium.remote.service.DriverCommandExecutor.execute(DriverCommandExecutor.java:158)<br />
              org.openqa.selenium.remote.RemoteWebDriver.execute(RemoteWebDriver.java:543)<br />
              org.openqa.selenium.remote.RemoteWebDriver.perform(RemoteWebDriver.java:611)<br />
              org.openqa.selenium.interactions.Actions$BuiltAction.perform(Actions.java:567)<br />
              org.openqa.selenium.interactions.Actions.perform(Actions.java:536)<br />
              com.softwaretestingboard.magento.utility.Utility.mouseHoverToElement(Utility.java:237)<br />
              com.softwaretestingboard.magento.pages.HomePage.mouseHoverOnTops(HomePage.java:55)<br />
              com.softwaretestingboard.magento.testsuite.WomenJacketsTest.verifyTheSortByPriceFilter(WomenJacketsTest.java:48)<br />
              sun.reflect.NativeMethodAccessorImpl.invoke0(Native Method)<br />
              sun.reflect.NativeMethodAccessorImpl.invoke(NativeMethodAccessorImpl.java:62)<br />
              sun.reflect.DelegatingMethodAccessorImpl.invoke(DelegatingMethodAccessorImpl.java:43)<br />
              java.lang.reflect.Method.invoke(Method.java:498)<br />
              org.testng.internal.invokers.MethodInvocationHelper.invokeMethod(MethodInvocationHelper.java:135)<br />
              org.testng.internal.invokers.TestInvoker.invokeMethod(TestInvoker.java:673)<br />
              org.testng.internal.invokers.TestInvoker.invokeTestMethod(TestInvoker.java:220)<br />
              org.testng.internal.invokers.MethodRunner.runInSequence(MethodRunner.java:50)<br />
              org.testng.internal.invokers.TestInvoker$MethodInvocationAgent.invoke(TestInvoker.java:945)<br />
              org.testng.internal.invokers.TestInvoker.invokeTestMethods(TestInvoker.java:193)<br />
              org.testng.internal.invokers.TestMethodWorker.invokeTestMethods(TestMethodWorker.java:146)<br />
              org.testng.internal.invokers.TestMethodWorker.run(TestMethodWorker.java:128)<br />
              java.util.ArrayList.forEach(ArrayList.java:1249)<br />
              org.testng.TestRunner.privateRun(TestRunner.java:808)<br />
              org.testng.TestRunner.run(TestRunner.java:603)<br />
              org.testng.SuiteRunner.runTest(SuiteRunner.java:429)<br />
              org.testng.SuiteRunner.runSequentially(SuiteRunner.java:423)<br />
              org.testng.SuiteRunner.privateRun(SuiteRunner.java:383)<br />
              org.testng.SuiteRunner.run(SuiteRunner.java:326)<br />
              org.testng.SuiteRunnerWorker.runSuite(SuiteRunnerWorker.java:52)<br />
              org.testng.SuiteRunnerWorker.run(SuiteRunnerWorker.java:95)<br />
              org.testng.TestNG.runSuitesSequentially(TestNG.java:1249)<br />
              org.testng.TestNG.runSuitesLocally(TestNG.java:1169)<br />
              org.testng.TestNG.runSuites(TestNG.java:1092)<br />
              org.testng.TestNG.run(TestNG.java:1060)<br />
              com.intellij.rt.testng.IDEARemoteTestNG.run(IDEARemoteTestNG.java:66)<br />
              com.intellij.rt.testng.RemoteTestNGStarter.main(RemoteTestNGStarter.java:105)<br />
                    <b>Caused by: </b> <a href="javascript:toggleElement('exception-2', 'block')" title="Click to expand/collapse">java.lang.reflect.InvocationTargetException</a><br />
        <div class="stackTrace" id="exception-2">
                      sun.reflect.NativeMethodAccessorImpl.invoke0(Native Method)<br />
                      sun.reflect.NativeMethodAccessorImpl.invoke(NativeMethodAccessorImpl.java:62)<br />
                      sun.reflect.DelegatingMethodAccessorImpl.invoke(DelegatingMethodAccessorImpl.java:43)<br />
                      java.lang.reflect.Method.invoke(Method.java:498)<br />
                      org.openqa.selenium.json.JsonOutput.convertUsingMethod(JsonOutput.java:358)<br />
                      org.openqa.selenium.json.JsonOutput.lambda$new$16(JsonOutput.java:154)<br />
                      org.openqa.selenium.json.JsonOutput.write(JsonOutput.java:287)<br />
                      org.openqa.selenium.json.JsonOutput.lambda$new$22(JsonOutput.java:169)<br />
                      java.util.stream.ForEachOps$ForEachOp$OfRef.accept(ForEachOps.java:184)<br />
                      java.util.stream.ReferencePipeline$2$1.accept(ReferencePipeline.java:175)<br />
                      java.util.Iterator.forEachRemaining(Iterator.java:116)<br />
                      java.util.Spliterators$IteratorSpliterator.forEachRemaining(Spliterators.java:1801)<br />
                      java.util.stream.AbstractPipeline.copyInto(AbstractPipeline.java:481)<br />
                      java.util.stream.AbstractPipeline.wrapAndCopyInto(AbstractPipeline.java:471)<br />
                      java.util.stream.ForEachOps$ForEachOp.evaluateSequential(ForEachOps.java:151)<br />
                      java.util.stream.ForEachOps$ForEachOp$OfRef.evaluateSequential(ForEachOps.java:174)<br />
                      java.util.stream.AbstractPipeline.evaluate(AbstractPipeline.java:234)<br />
                      java.util.stream.ReferencePipeline.forEach(ReferencePipeline.java:418)<br />
                      org.openqa.selenium.json.JsonOutput.lambda$new$23(JsonOutput.java:169)<br />
                      org.openqa.selenium.json.JsonOutput.write(JsonOutput.java:287)<br />
                      org.openqa.selenium.json.JsonOutput.lambda$new$24(JsonOutput.java:182)<br />
                      com.google.common.collect.SingletonImmutableBiMap.forEach(SingletonImmutableBiMap.java:68)<br />
                      org.openqa.selenium.json.JsonOutput.lambda$new$25(JsonOutput.java:177)<br />
                      org.openqa.selenium.json.JsonOutput.write(JsonOutput.java:287)<br />
                      org.openqa.selenium.json.JsonOutput.write(JsonOutput.java:278)<br />
                      org.openqa.selenium.json.Json.toJson(Json.java:42)<br />
                      org.openqa.selenium.remote.codec.AbstractHttpCommandCodec.encode(AbstractHttpCommandCodec.java:258)<br />
                      org.openqa.selenium.remote.codec.AbstractHttpCommandCodec.encode(AbstractHttpCommandCodec.java:122)<br />
                      org.openqa.selenium.remote.HttpCommandExecutor.execute(HttpCommandExecutor.java:181)<br />
                      org.openqa.selenium.remote.service.DriverCommandExecutor.invokeExecute(DriverCommandExecutor.java:183)<br />
                      org.openqa.selenium.remote.service.DriverCommandExecutor.execute(DriverCommandExecutor.java:158)<br />
                      org.openqa.selenium.remote.RemoteWebDriver.execute(RemoteWebDriver.java:543)<br />
                      org.openqa.selenium.remote.RemoteWebDriver.perform(RemoteWebDriver.java:611)<br />
                      org.openqa.selenium.interactions.Actions$BuiltAction.perform(Actions.java:567)<br />
                      org.openqa.selenium.interactions.Actions.perform(Actions.java:536)<br />
                      com.softwaretestingboard.magento.utility.Utility.mouseHoverToElement(Utility.java:237)<br />
                      com.softwaretestingboard.magento.pages.HomePage.mouseHoverOnTops(HomePage.java:55)<br />
                      com.softwaretestingboard.magento.testsuite.WomenJacketsTest.verifyTheSortByPriceFilter(WomenJacketsTest.java:48)<br />
                      sun.reflect.NativeMethodAccessorImpl.invoke0(Native Method)<br />
                      sun.reflect.NativeMethodAccessorImpl.invoke(NativeMethodAccessorImpl.java:62)<br />
                      sun.reflect.DelegatingMethodAccessorImpl.invoke(DelegatingMethodAccessorImpl.java:43)<br />
                      java.lang.reflect.Method.invoke(Method.java:498)<br />
                      org.testng.internal.invokers.MethodInvocationHelper.invokeMethod(MethodInvocationHelper.java:135)<br />
                      org.testng.internal.invokers.TestInvoker.invokeMethod(TestInvoker.java:673)<br />
                      org.testng.internal.invokers.TestInvoker.invokeTestMethod(TestInvoker.java:220)<br />
                      org.testng.internal.invokers.MethodRunner.runInSequence(MethodRunner.java:50)<br />
                      org.testng.internal.invokers.TestInvoker$MethodInvocationAgent.invoke(TestInvoker.java:945)<br />
                      org.testng.internal.invokers.TestInvoker.invokeTestMethods(TestInvoker.java:193)<br />
                      org.testng.internal.invokers.TestMethodWorker.invokeTestMethods(TestMethodWorker.java:146)<br />
                      org.testng.internal.invokers.TestMethodWorker.run(TestMethodWorker.java:128)<br />
                      java.util.ArrayList.forEach(ArrayList.java:1249)<br />
                      org.testng.TestRunner.privateRun(TestRunner.java:808)<br />
                      org.testng.TestRunner.run(TestRunner.java:603)<br />
                      org.testng.SuiteRunner.runTest(SuiteRunner.java:429)<br />
                      org.testng.SuiteRunner.runSequentially(SuiteRunner.java:423)<br />
                      org.testng.SuiteRunner.privateRun(SuiteRunner.java:383)<br />
                      org.testng.SuiteRunner.run(SuiteRunner.java:326)<br />
                      org.testng.SuiteRunnerWorker.runSuite(SuiteRunnerWorker.java:52)<br />
                      org.testng.SuiteRunnerWorker.run(SuiteRunnerWorker.java:95)<br />
                      org.testng.TestNG.runSuitesSequentially(TestNG.java:1249)<br />
                      org.testng.TestNG.runSuitesLocally(TestNG.java:1169)<br />
                      org.testng.TestNG.runSuites(TestNG.java:1092)<br />
                      org.testng.TestNG.run(TestNG.java:1060)<br />
                      com.intellij.rt.testng.IDEARemoteTestNG.run(IDEARemoteTestNG.java:66)<br />
                      com.intellij.rt.testng.RemoteTestNGStarter.main(RemoteTestNGStarter.java:105)<br />
                  </div>
              <b>Caused by: </b> <a href="javascript:toggleElement('exception-3', 'block')" title="Click to expand/collapse">org.openqa.selenium.NoSuchElementException: no such element: Unable to locate element: {&quot;method&quot;:&quot;css selector&quot;,&quot;selector&quot;:&quot;*[name=&apos;tops&apos;]&quot;}<br/>
&nbsp; (Session info: chrome=114.0.5735.199)<br/>
For documentation on this error, please visit: https://selenium.dev/exceptions/#no_such_element<br/>
Build info: version: &apos;4.9.0&apos;, revision: &apos;d7057100a6&apos;<br/>
System info: os.name: &apos;Windows 10&apos;, os.arch: &apos;amd64&apos;, os.version: &apos;10.0&apos;, java.version: &apos;1.8.0_121&apos;<br/>
Driver info: org.openqa.selenium.chrome.ChromeDriver<br/>
Command: [32193a12a6809e4037a6419d050195dc, findElement {using=css selector, value=*[name=&apos;tops&apos;]}]<br/>
Capabilities {acceptInsecureCerts: false, browserName: chrome, browserVersion: 114.0.5735.199, chrome: {chromedriverVersion: 114.0.5735.90 (386bc09e8f4f..., userDataDir: C:\Users\sarva\AppData\Loca...}, goog:chromeOptions: {debuggerAddress: localhost:62386}, networkConnectionEnabled: false, pageLoadStrategy: normal, platformName: WINDOWS, proxy: Proxy(), se:cdp: ws://localhost:62386/devtoo..., se:cdpVersion: 114.0.5735.199, setWindowRect: true, strictFileInteractability: false, timeouts: {implicit: 0, pageLoad: 300000, script: 30000}, unhandledPromptBehavior: dismiss and notify, webauthn:extension:credBlob: true, webauthn:extension:largeBlob: true, webauthn:extension:minPinLength: true, webauthn:extension:prf: true, webauthn:virtualAuthenticators: true}<br/>
Session ID: 32193a12a6809e4037a6419d050195dc</a><br />
        <div class="stackTrace" id="exception-3">
                      sun.reflect.NativeConstructorAccessorImpl.newInstance0(Native Method)<br />
                      sun.reflect.NativeConstructorAccessorImpl.newInstance(NativeConstructorAccessorImpl.java:62)<br />
                      sun.reflect.DelegatingConstructorAccessorImpl.newInstance(DelegatingConstructorAccessorImpl.java:45)<br />
                      java.lang.reflect.Constructor.newInstance(Constructor.java:423)<br />
                      org.openqa.selenium.remote.codec.w3c.W3CHttpResponseCodec.createException(W3CHttpResponseCodec.java:200)<br />
                      org.openqa.selenium.remote.codec.w3c.W3CHttpResponseCodec.decode(W3CHttpResponseCodec.java:133)<br />
                      org.openqa.selenium.remote.codec.w3c.W3CHttpResponseCodec.decode(W3CHttpResponseCodec.java:53)<br />
                      org.openqa.selenium.remote.HttpCommandExecutor.execute(HttpCommandExecutor.java:193)<br />
                      org.openqa.selenium.remote.service.DriverCommandExecutor.invokeExecute(DriverCommandExecutor.java:183)<br />
                      org.openqa.selenium.remote.service.DriverCommandExecutor.execute(DriverCommandExecutor.java:158)<br />
                      org.openqa.selenium.remote.RemoteWebDriver.execute(RemoteWebDriver.java:543)<br />
                      org.openqa.selenium.remote.ElementLocation$ElementFinder$2.findElement(ElementLocation.java:162)<br />
                      org.openqa.selenium.remote.ElementLocation.findElement(ElementLocation.java:60)<br />
                      org.openqa.selenium.remote.RemoteWebDriver.findElement(RemoteWebDriver.java:352)<br />
                      org.openqa.selenium.remote.RemoteWebDriver.findElement(RemoteWebDriver.java:344)<br />
                      org.openqa.selenium.By$PreW3CLocator.findElement(By.java:429)<br />
                      org.openqa.selenium.By$ByName.findElement(By.java:238)<br />
                      org.openqa.selenium.support.ByIdOrName.findElement(ByIdOrName.java:50)<br />
                      org.openqa.selenium.remote.ElementLocation$ElementFinder$1.findElement(ElementLocation.java:136)<br />
                      org.openqa.selenium.remote.ElementLocation.findElement(ElementLocation.java:80)<br />
                      org.openqa.selenium.remote.RemoteWebDriver.findElement(RemoteWebDriver.java:352)<br />
                      org.openqa.selenium.remote.RemoteWebDriver.findElement(RemoteWebDriver.java:344)<br />
                      org.openqa.selenium.support.pagefactory.DefaultElementLocator.findElement(DefaultElementLocator.java:70)<br />
                      org.openqa.selenium.support.pagefactory.internal.LocatingElementHandler.invoke(LocatingElementHandler.java:39)<br />
                      com.sun.proxy.$Proxy16.getWrappedElement(Unknown Source)<br />
                      org.openqa.selenium.interactions.PointerInput$Origin.asArg(PointerInput.java:269)<br />
                      org.openqa.selenium.interactions.PointerInput$Move.encode(PointerInput.java:218)<br />
                      org.openqa.selenium.interactions.Sequence.encode(Sequence.java:73)<br />
                      org.openqa.selenium.interactions.Sequence.toJson(Sequence.java:82)<br />
                      sun.reflect.NativeMethodAccessorImpl.invoke0(Native Method)<br />
                      sun.reflect.NativeMethodAccessorImpl.invoke(NativeMethodAccessorImpl.java:62)<br />
                      sun.reflect.DelegatingMethodAccessorImpl.invoke(DelegatingMethodAccessorImpl.java:43)<br />
                      java.lang.reflect.Method.invoke(Method.java:498)<br />
                      org.openqa.selenium.json.JsonOutput.convertUsingMethod(JsonOutput.java:358)<br />
                      org.openqa.selenium.json.JsonOutput.lambda$new$16(JsonOutput.java:154)<br />
                      org.openqa.selenium.json.JsonOutput.write(JsonOutput.java:287)<br />
                      org.openqa.selenium.json.JsonOutput.lambda$new$22(JsonOutput.java:169)<br />
                      java.util.stream.ForEachOps$ForEachOp$OfRef.accept(ForEachOps.java:184)<br />
                      java.util.stream.ReferencePipeline$2$1.accept(ReferencePipeline.java:175)<br />
                      java.util.Iterator.forEachRemaining(Iterator.java:116)<br />
                      java.util.Spliterators$IteratorSpliterator.forEachRemaining(Spliterators.java:1801)<br />
                      java.util.stream.AbstractPipeline.copyInto(AbstractPipeline.java:481)<br />
                      java.util.stream.AbstractPipeline.wrapAndCopyInto(AbstractPipeline.java:471)<br />
                      java.util.stream.ForEachOps$ForEachOp.evaluateSequential(ForEachOps.java:151)<br />
                      java.util.stream.ForEachOps$ForEachOp$OfRef.evaluateSequential(ForEachOps.java:174)<br />
                      java.util.stream.AbstractPipeline.evaluate(AbstractPipeline.java:234)<br />
                      java.util.stream.ReferencePipeline.forEach(ReferencePipeline.java:418)<br />
                      org.openqa.selenium.json.JsonOutput.lambda$new$23(JsonOutput.java:169)<br />
                      org.openqa.selenium.json.JsonOutput.write(JsonOutput.java:287)<br />
                      org.openqa.selenium.json.JsonOutput.lambda$new$24(JsonOutput.java:182)<br />
                      com.google.common.collect.SingletonImmutableBiMap.forEach(SingletonImmutableBiMap.java:68)<br />
                      org.openqa.selenium.json.JsonOutput.lambda$new$25(JsonOutput.java:177)<br />
                      org.openqa.selenium.json.JsonOutput.write(JsonOutput.java:287)<br />
                      org.openqa.selenium.json.JsonOutput.write(JsonOutput.java:278)<br />
                      org.openqa.selenium.json.Json.toJson(Json.java:42)<br />
                      org.openqa.selenium.remote.codec.AbstractHttpCommandCodec.encode(AbstractHttpCommandCodec.java:258)<br />
                      org.openqa.selenium.remote.codec.AbstractHttpCommandCodec.encode(AbstractHttpCommandCodec.java:122)<br />
                      org.openqa.selenium.remote.HttpCommandExecutor.execute(HttpCommandExecutor.java:181)<br />
                      org.openqa.selenium.remote.service.DriverCommandExecutor.invokeExecute(DriverCommandExecutor.java:183)<br />
                      org.openqa.selenium.remote.service.DriverCommandExecutor.execute(DriverCommandExecutor.java:158)<br />
                      org.openqa.selenium.remote.RemoteWebDriver.execute(RemoteWebDriver.java:543)<br />
                      org.openqa.selenium.remote.RemoteWebDriver.perform(RemoteWebDriver.java:611)<br />
                      org.openqa.selenium.interactions.Actions$BuiltAction.perform(Actions.java:567)<br />
                      org.openqa.selenium.interactions.Actions.perform(Actions.java:536)<br />
                      com.softwaretestingboard.magento.utility.Utility.mouseHoverToElement(Utility.java:237)<br />
                      com.softwaretestingboard.magento.pages.HomePage.mouseHoverOnTops(HomePage.java:55)<br />
                      com.softwaretestingboard.magento.testsuite.WomenJacketsTest.verifyTheSortByPriceFilter(WomenJacketsTest.java:48)<br />
                      sun.reflect.NativeMethodAccessorImpl.invoke0(Native Method)<br />
                      sun.reflect.NativeMethodAccessorImpl.invoke(NativeMethodAccessorImpl.java:62)<br />
                      sun.reflect.DelegatingMethodAccessorImpl.invoke(DelegatingMethodAccessorImpl.java:43)<br />
                      java.lang.reflect.Method.invoke(Method.java:498)<br />
                      org.testng.internal.invokers.MethodInvocationHelper.invokeMethod(MethodInvocationHelper.java:135)<br />
                      org.testng.internal.invokers.TestInvoker.invokeMethod(TestInvoker.java:673)<br />
                      org.testng.internal.invokers.TestInvoker.invokeTestMethod(TestInvoker.java:220)<br />
                      org.testng.internal.invokers.MethodRunner.runInSequence(MethodRunner.java:50)<br />
                      org.testng.internal.invokers.TestInvoker$MethodInvocationAgent.invoke(TestInvoker.java:945)<br />
                      org.testng.internal.invokers.TestInvoker.invokeTestMethods(TestInvoker.java:193)<br />
                      org.testng.internal.invokers.TestMethodWorker.invokeTestMethods(TestMethodWorker.java:146)<br />
                      org.testng.internal.invokers.TestMethodWorker.run(TestMethodWorker.java:128)<br />
                      java.util.ArrayList.forEach(ArrayList.java:1249)<br />
                      org.testng.TestRunner.privateRun(TestRunner.java:808)<br />
                      org.testng.TestRunner.run(TestRunner.java:603)<br />
                      org.testng.SuiteRunner.runTest(SuiteRunner.java:429)<br />
                      org.testng.SuiteRunner.runSequentially(SuiteRunner.java:423)<br />
                      org.testng.SuiteRunner.privateRun(SuiteRunner.java:383)<br />
                      org.testng.SuiteRunner.run(SuiteRunner.java:326)<br />
                      org.testng.SuiteRunnerWorker.runSuite(SuiteRunnerWorker.java:52)<br />
                      org.testng.SuiteRunnerWorker.run(SuiteRunnerWorker.java:95)<br />
                      org.testng.TestNG.runSuitesSequentially(TestNG.java:1249)<br />
                      org.testng.TestNG.runSuitesLocally(TestNG.java:1169)<br />
                      org.testng.TestNG.runSuites(TestNG.java:1092)<br />
                      org.testng.TestNG.run(TestNG.java:1060)<br />
                      com.intellij.rt.testng.IDEARemoteTestNG.run(IDEARemoteTestNG.java:66)<br />
                      com.intellij.rt.testng.RemoteTestNGStarter.main(RemoteTestNGStarter.java:105)<br />
                  </div>
          </div>
      </td>
</tr>
<tr>
  <td class="method">
                  verifyTheSortByProductNameFilter
      </td>
  <td class="duration">
    44.240s
  </td>
  <td class="result">
        
    
            <div class="testOutput">
                        Mouse hover on WomenMenu in topMenu<br />
                                Mouser hover on tops <br />
                  </div>
    

        <a href="javascript:toggleElement('exception-4', 'block')" title="Click to expand/collapse"><b>org.openqa.selenium.json.JsonException: java.lang.reflect.InvocationTargetException<br/>
Build info: version: &apos;4.9.0&apos;, revision: &apos;d7057100a6&apos;<br/>
System info: os.name: &apos;Windows 10&apos;, os.arch: &apos;amd64&apos;, os.version: &apos;10.0&apos;, java.version: &apos;1.8.0_121&apos;<br/>
Driver info: org.openqa.selenium.chrome.ChromeDriver<br/>
Command: [e9a4ab34c9bb43f21afbc5c17a5e81ab, actions {actions=[org.openqa.selenium.interactions.Sequence@726a17c4]}]<br/>
Capabilities {acceptInsecureCerts: false, browserName: chrome, browserVersion: 114.0.5735.199, chrome: {chromedriverVersion: 114.0.5735.90 (386bc09e8f4f..., userDataDir: C:\Users\sarva\AppData\Loca...}, goog:chromeOptions: {debuggerAddress: localhost:62494}, networkConnectionEnabled: false, pageLoadStrategy: normal, platformName: WINDOWS, proxy: Proxy(), se:cdp: ws://localhost:62494/devtoo..., se:cdpVersion: 114.0.5735.199, setWindowRect: true, strictFileInteractability: false, timeouts: {implicit: 0, pageLoad: 300000, script: 30000}, unhandledPromptBehavior: dismiss and notify, webauthn:extension:credBlob: true, webauthn:extension:largeBlob: true, webauthn:extension:minPinLength: true, webauthn:extension:prf: true, webauthn:virtualAuthenticators: true}<br/>
Session ID: e9a4ab34c9bb43f21afbc5c17a5e81ab</b></a><br />
    <div class="stackTrace" id="exception-4">
              org.openqa.selenium.json.JsonOutput.convertUsingMethod(JsonOutput.java:362)<br />
              org.openqa.selenium.json.JsonOutput.lambda$new$16(JsonOutput.java:154)<br />
              org.openqa.selenium.json.JsonOutput.write(JsonOutput.java:287)<br />
              org.openqa.selenium.json.JsonOutput.lambda$new$22(JsonOutput.java:169)<br />
              java.util.stream.ForEachOps$ForEachOp$OfRef.accept(ForEachOps.java:184)<br />
              java.util.stream.ReferencePipeline$2$1.accept(ReferencePipeline.java:175)<br />
              java.util.Iterator.forEachRemaining(Iterator.java:116)<br />
              java.util.Spliterators$IteratorSpliterator.forEachRemaining(Spliterators.java:1801)<br />
              java.util.stream.AbstractPipeline.copyInto(AbstractPipeline.java:481)<br />
              java.util.stream.AbstractPipeline.wrapAndCopyInto(AbstractPipeline.java:471)<br />
              java.util.stream.ForEachOps$ForEachOp.evaluateSequential(ForEachOps.java:151)<br />
              java.util.stream.ForEachOps$ForEachOp$OfRef.evaluateSequential(ForEachOps.java:174)<br />
              java.util.stream.AbstractPipeline.evaluate(AbstractPipeline.java:234)<br />
              java.util.stream.ReferencePipeline.forEach(ReferencePipeline.java:418)<br />
              org.openqa.selenium.json.JsonOutput.lambda$new$23(JsonOutput.java:169)<br />
              org.openqa.selenium.json.JsonOutput.write(JsonOutput.java:287)<br />
              org.openqa.selenium.json.JsonOutput.lambda$new$24(JsonOutput.java:182)<br />
              com.google.common.collect.SingletonImmutableBiMap.forEach(SingletonImmutableBiMap.java:68)<br />
              org.openqa.selenium.json.JsonOutput.lambda$new$25(JsonOutput.java:177)<br />
              org.openqa.selenium.json.JsonOutput.write(JsonOutput.java:287)<br />
              org.openqa.selenium.json.JsonOutput.write(JsonOutput.java:278)<br />
              org.openqa.selenium.json.Json.toJson(Json.java:42)<br />
              org.openqa.selenium.remote.codec.AbstractHttpCommandCodec.encode(AbstractHttpCommandCodec.java:258)<br />
              org.openqa.selenium.remote.codec.AbstractHttpCommandCodec.encode(AbstractHttpCommandCodec.java:122)<br />
              org.openqa.selenium.remote.HttpCommandExecutor.execute(HttpCommandExecutor.java:181)<br />
              org.openqa.selenium.remote.service.DriverCommandExecutor.invokeExecute(DriverCommandExecutor.java:183)<br />
              org.openqa.selenium.remote.service.DriverCommandExecutor.execute(DriverCommandExecutor.java:158)<br />
              org.openqa.selenium.remote.RemoteWebDriver.execute(RemoteWebDriver.java:543)<br />
              org.openqa.selenium.remote.RemoteWebDriver.perform(RemoteWebDriver.java:611)<br />
              org.openqa.selenium.interactions.Actions$BuiltAction.perform(Actions.java:567)<br />
              org.openqa.selenium.interactions.Actions.perform(Actions.java:536)<br />
              com.softwaretestingboard.magento.utility.Utility.mouseHoverToElement(Utility.java:237)<br />
              com.softwaretestingboard.magento.pages.HomePage.mouseHoverOnTops(HomePage.java:55)<br />
              com.softwaretestingboard.magento.testsuite.WomenJacketsTest.verifyTheSortByProductNameFilter(WomenJacketsTest.java:33)<br />
              sun.reflect.NativeMethodAccessorImpl.invoke0(Native Method)<br />
              sun.reflect.NativeMethodAccessorImpl.invoke(NativeMethodAccessorImpl.java:62)<br />
              sun.reflect.DelegatingMethodAccessorImpl.invoke(DelegatingMethodAccessorImpl.java:43)<br />
              java.lang.reflect.Method.invoke(Method.java:498)<br />
              org.testng.internal.invokers.MethodInvocationHelper.invokeMethod(MethodInvocationHelper.java:135)<br />
              org.testng.internal.invokers.TestInvoker.invokeMethod(TestInvoker.java:673)<br />
              org.testng.internal.invokers.TestInvoker.invokeTestMethod(TestInvoker.java:220)<br />
              org.testng.internal.invokers.MethodRunner.runInSequence(MethodRunner.java:50)<br />
              org.testng.internal.invokers.TestInvoker$MethodInvocationAgent.invoke(TestInvoker.java:945)<br />
              org.testng.internal.invokers.TestInvoker.invokeTestMethods(TestInvoker.java:193)<br />
              org.testng.internal.invokers.TestMethodWorker.invokeTestMethods(TestMethodWorker.java:146)<br />
              org.testng.internal.invokers.TestMethodWorker.run(TestMethodWorker.java:128)<br />
              java.util.ArrayList.forEach(ArrayList.java:1249)<br />
              org.testng.TestRunner.privateRun(TestRunner.java:808)<br />
              org.testng.TestRunner.run(TestRunner.java:603)<br />
              org.testng.SuiteRunner.runTest(SuiteRunner.java:429)<br />
              org.testng.SuiteRunner.runSequentially(SuiteRunner.java:423)<br />
              org.testng.SuiteRunner.privateRun(SuiteRunner.java:383)<br />
              org.testng.SuiteRunner.run(SuiteRunner.java:326)<br />
              org.testng.SuiteRunnerWorker.runSuite(SuiteRunnerWorker.java:52)<br />
              org.testng.SuiteRunnerWorker.run(SuiteRunnerWorker.java:95)<br />
              org.testng.TestNG.runSuitesSequentially(TestNG.java:1249)<br />
              org.testng.TestNG.runSuitesLocally(TestNG.java:1169)<br />
              org.testng.TestNG.runSuites(TestNG.java:1092)<br />
              org.testng.TestNG.run(TestNG.java:1060)<br />
              com.intellij.rt.testng.IDEARemoteTestNG.run(IDEARemoteTestNG.java:66)<br />
              com.intellij.rt.testng.RemoteTestNGStarter.main(RemoteTestNGStarter.java:105)<br />
                    <b>Caused by: </b> <a href="javascript:toggleElement('exception-5', 'block')" title="Click to expand/collapse">java.lang.reflect.InvocationTargetException</a><br />
        <div class="stackTrace" id="exception-5">
                      sun.reflect.NativeMethodAccessorImpl.invoke0(Native Method)<br />
                      sun.reflect.NativeMethodAccessorImpl.invoke(NativeMethodAccessorImpl.java:62)<br />
                      sun.reflect.DelegatingMethodAccessorImpl.invoke(DelegatingMethodAccessorImpl.java:43)<br />
                      java.lang.reflect.Method.invoke(Method.java:498)<br />
                      org.openqa.selenium.json.JsonOutput.convertUsingMethod(JsonOutput.java:358)<br />
                      org.openqa.selenium.json.JsonOutput.lambda$new$16(JsonOutput.java:154)<br />
                      org.openqa.selenium.json.JsonOutput.write(JsonOutput.java:287)<br />
                      org.openqa.selenium.json.JsonOutput.lambda$new$22(JsonOutput.java:169)<br />
                      java.util.stream.ForEachOps$ForEachOp$OfRef.accept(ForEachOps.java:184)<br />
                      java.util.stream.ReferencePipeline$2$1.accept(ReferencePipeline.java:175)<br />
                      java.util.Iterator.forEachRemaining(Iterator.java:116)<br />
                      java.util.Spliterators$IteratorSpliterator.forEachRemaining(Spliterators.java:1801)<br />
                      java.util.stream.AbstractPipeline.copyInto(AbstractPipeline.java:481)<br />
                      java.util.stream.AbstractPipeline.wrapAndCopyInto(AbstractPipeline.java:471)<br />
                      java.util.stream.ForEachOps$ForEachOp.evaluateSequential(ForEachOps.java:151)<br />
                      java.util.stream.ForEachOps$ForEachOp$OfRef.evaluateSequential(ForEachOps.java:174)<br />
                      java.util.stream.AbstractPipeline.evaluate(AbstractPipeline.java:234)<br />
                      java.util.stream.ReferencePipeline.forEach(ReferencePipeline.java:418)<br />
                      org.openqa.selenium.json.JsonOutput.lambda$new$23(JsonOutput.java:169)<br />
                      org.openqa.selenium.json.JsonOutput.write(JsonOutput.java:287)<br />
                      org.openqa.selenium.json.JsonOutput.lambda$new$24(JsonOutput.java:182)<br />
                      com.google.common.collect.SingletonImmutableBiMap.forEach(SingletonImmutableBiMap.java:68)<br />
                      org.openqa.selenium.json.JsonOutput.lambda$new$25(JsonOutput.java:177)<br />
                      org.openqa.selenium.json.JsonOutput.write(JsonOutput.java:287)<br />
                      org.openqa.selenium.json.JsonOutput.write(JsonOutput.java:278)<br />
                      org.openqa.selenium.json.Json.toJson(Json.java:42)<br />
                      org.openqa.selenium.remote.codec.AbstractHttpCommandCodec.encode(AbstractHttpCommandCodec.java:258)<br />
                      org.openqa.selenium.remote.codec.AbstractHttpCommandCodec.encode(AbstractHttpCommandCodec.java:122)<br />
                      org.openqa.selenium.remote.HttpCommandExecutor.execute(HttpCommandExecutor.java:181)<br />
                      org.openqa.selenium.remote.service.DriverCommandExecutor.invokeExecute(DriverCommandExecutor.java:183)<br />
                      org.openqa.selenium.remote.service.DriverCommandExecutor.execute(DriverCommandExecutor.java:158)<br />
                      org.openqa.selenium.remote.RemoteWebDriver.execute(RemoteWebDriver.java:543)<br />
                      org.openqa.selenium.remote.RemoteWebDriver.perform(RemoteWebDriver.java:611)<br />
                      org.openqa.selenium.interactions.Actions$BuiltAction.perform(Actions.java:567)<br />
                      org.openqa.selenium.interactions.Actions.perform(Actions.java:536)<br />
                      com.softwaretestingboard.magento.utility.Utility.mouseHoverToElement(Utility.java:237)<br />
                      com.softwaretestingboard.magento.pages.HomePage.mouseHoverOnTops(HomePage.java:55)<br />
                      com.softwaretestingboard.magento.testsuite.WomenJacketsTest.verifyTheSortByProductNameFilter(WomenJacketsTest.java:33)<br />
                      sun.reflect.NativeMethodAccessorImpl.invoke0(Native Method)<br />
                      sun.reflect.NativeMethodAccessorImpl.invoke(NativeMethodAccessorImpl.java:62)<br />
                      sun.reflect.DelegatingMethodAccessorImpl.invoke(DelegatingMethodAccessorImpl.java:43)<br />
                      java.lang.reflect.Method.invoke(Method.java:498)<br />
                      org.testng.internal.invokers.MethodInvocationHelper.invokeMethod(MethodInvocationHelper.java:135)<br />
                      org.testng.internal.invokers.TestInvoker.invokeMethod(TestInvoker.java:673)<br />
                      org.testng.internal.invokers.TestInvoker.invokeTestMethod(TestInvoker.java:220)<br />
                      org.testng.internal.invokers.MethodRunner.runInSequence(MethodRunner.java:50)<br />
                      org.testng.internal.invokers.TestInvoker$MethodInvocationAgent.invoke(TestInvoker.java:945)<br />
                      org.testng.internal.invokers.TestInvoker.invokeTestMethods(TestInvoker.java:193)<br />
                      org.testng.internal.invokers.TestMethodWorker.invokeTestMethods(TestMethodWorker.java:146)<br />
                      org.testng.internal.invokers.TestMethodWorker.run(TestMethodWorker.java:128)<br />
                      java.util.ArrayList.forEach(ArrayList.java:1249)<br />
                      org.testng.TestRunner.privateRun(TestRunner.java:808)<br />
                      org.testng.TestRunner.run(TestRunner.java:603)<br />
                      org.testng.SuiteRunner.runTest(SuiteRunner.java:429)<br />
                      org.testng.SuiteRunner.runSequentially(SuiteRunner.java:423)<br />
                      org.testng.SuiteRunner.privateRun(SuiteRunner.java:383)<br />
                      org.testng.SuiteRunner.run(SuiteRunner.java:326)<br />
                      org.testng.SuiteRunnerWorker.runSuite(SuiteRunnerWorker.java:52)<br />
                      org.testng.SuiteRunnerWorker.run(SuiteRunnerWorker.java:95)<br />
                      org.testng.TestNG.runSuitesSequentially(TestNG.java:1249)<br />
                      org.testng.TestNG.runSuitesLocally(TestNG.java:1169)<br />
                      org.testng.TestNG.runSuites(TestNG.java:1092)<br />
                      org.testng.TestNG.run(TestNG.java:1060)<br />
                      com.intellij.rt.testng.IDEARemoteTestNG.run(IDEARemoteTestNG.java:66)<br />
                      com.intellij.rt.testng.RemoteTestNGStarter.main(RemoteTestNGStarter.java:105)<br />
                  </div>
              <b>Caused by: </b> <a href="javascript:toggleElement('exception-6', 'block')" title="Click to expand/collapse">org.openqa.selenium.NoSuchElementException: no such element: Unable to locate element: {&quot;method&quot;:&quot;css selector&quot;,&quot;selector&quot;:&quot;*[name=&apos;tops&apos;]&quot;}<br/>
&nbsp; (Session info: chrome=114.0.5735.199)<br/>
For documentation on this error, please visit: https://selenium.dev/exceptions/#no_such_element<br/>
Build info: version: &apos;4.9.0&apos;, revision: &apos;d7057100a6&apos;<br/>
System info: os.name: &apos;Windows 10&apos;, os.arch: &apos;amd64&apos;, os.version: &apos;10.0&apos;, java.version: &apos;1.8.0_121&apos;<br/>
Driver info: org.openqa.selenium.chrome.ChromeDriver<br/>
Command: [e9a4ab34c9bb43f21afbc5c17a5e81ab, findElement {using=css selector, value=*[name=&apos;tops&apos;]}]<br/>
Capabilities {acceptInsecureCerts: false, browserName: chrome, browserVersion: 114.0.5735.199, chrome: {chromedriverVersion: 114.0.5735.90 (386bc09e8f4f..., userDataDir: C:\Users\sarva\AppData\Loca...}, goog:chromeOptions: {debuggerAddress: localhost:62494}, networkConnectionEnabled: false, pageLoadStrategy: normal, platformName: WINDOWS, proxy: Proxy(), se:cdp: ws://localhost:62494/devtoo..., se:cdpVersion: 114.0.5735.199, setWindowRect: true, strictFileInteractability: false, timeouts: {implicit: 0, pageLoad: 300000, script: 30000}, unhandledPromptBehavior: dismiss and notify, webauthn:extension:credBlob: true, webauthn:extension:largeBlob: true, webauthn:extension:minPinLength: true, webauthn:extension:prf: true, webauthn:virtualAuthenticators: true}<br/>
Session ID: e9a4ab34c9bb43f21afbc5c17a5e81ab</a><br />
        <div class="stackTrace" id="exception-6">
                      sun.reflect.NativeConstructorAccessorImpl.newInstance0(Native Method)<br />
                      sun.reflect.NativeConstructorAccessorImpl.newInstance(NativeConstructorAccessorImpl.java:62)<br />
                      sun.reflect.DelegatingConstructorAccessorImpl.newInstance(DelegatingConstructorAccessorImpl.java:45)<br />
                      java.lang.reflect.Constructor.newInstance(Constructor.java:423)<br />
                      org.openqa.selenium.remote.codec.w3c.W3CHttpResponseCodec.createException(W3CHttpResponseCodec.java:200)<br />
                      org.openqa.selenium.remote.codec.w3c.W3CHttpResponseCodec.decode(W3CHttpResponseCodec.java:133)<br />
                      org.openqa.selenium.remote.codec.w3c.W3CHttpResponseCodec.decode(W3CHttpResponseCodec.java:53)<br />
                      org.openqa.selenium.remote.HttpCommandExecutor.execute(HttpCommandExecutor.java:193)<br />
                      org.openqa.selenium.remote.service.DriverCommandExecutor.invokeExecute(DriverCommandExecutor.java:183)<br />
                      org.openqa.selenium.remote.service.DriverCommandExecutor.execute(DriverCommandExecutor.java:158)<br />
                      org.openqa.selenium.remote.RemoteWebDriver.execute(RemoteWebDriver.java:543)<br />
                      org.openqa.selenium.remote.ElementLocation$ElementFinder$2.findElement(ElementLocation.java:162)<br />
                      org.openqa.selenium.remote.ElementLocation.findElement(ElementLocation.java:60)<br />
                      org.openqa.selenium.remote.RemoteWebDriver.findElement(RemoteWebDriver.java:352)<br />
                      org.openqa.selenium.remote.RemoteWebDriver.findElement(RemoteWebDriver.java:344)<br />
                      org.openqa.selenium.By$PreW3CLocator.findElement(By.java:429)<br />
                      org.openqa.selenium.By$ByName.findElement(By.java:238)<br />
                      org.openqa.selenium.support.ByIdOrName.findElement(ByIdOrName.java:50)<br />
                      org.openqa.selenium.remote.ElementLocation$ElementFinder$1.findElement(ElementLocation.java:136)<br />
                      org.openqa.selenium.remote.ElementLocation.findElement(ElementLocation.java:80)<br />
                      org.openqa.selenium.remote.RemoteWebDriver.findElement(RemoteWebDriver.java:352)<br />
                      org.openqa.selenium.remote.RemoteWebDriver.findElement(RemoteWebDriver.java:344)<br />
                      org.openqa.selenium.support.pagefactory.DefaultElementLocator.findElement(DefaultElementLocator.java:70)<br />
                      org.openqa.selenium.support.pagefactory.internal.LocatingElementHandler.invoke(LocatingElementHandler.java:39)<br />
                      com.sun.proxy.$Proxy16.getWrappedElement(Unknown Source)<br />
                      org.openqa.selenium.interactions.PointerInput$Origin.asArg(PointerInput.java:269)<br />
                      org.openqa.selenium.interactions.PointerInput$Move.encode(PointerInput.java:218)<br />
                      org.openqa.selenium.interactions.Sequence.encode(Sequence.java:73)<br />
                      org.openqa.selenium.interactions.Sequence.toJson(Sequence.java:82)<br />
                      sun.reflect.NativeMethodAccessorImpl.invoke0(Native Method)<br />
                      sun.reflect.NativeMethodAccessorImpl.invoke(NativeMethodAccessorImpl.java:62)<br />
                      sun.reflect.DelegatingMethodAccessorImpl.invoke(DelegatingMethodAccessorImpl.java:43)<br />
                      java.lang.reflect.Method.invoke(Method.java:498)<br />
                      org.openqa.selenium.json.JsonOutput.convertUsingMethod(JsonOutput.java:358)<br />
                      org.openqa.selenium.json.JsonOutput.lambda$new$16(JsonOutput.java:154)<br />
                      org.openqa.selenium.json.JsonOutput.write(JsonOutput.java:287)<br />
                      org.openqa.selenium.json.JsonOutput.lambda$new$22(JsonOutput.java:169)<br />
                      java.util.stream.ForEachOps$ForEachOp$OfRef.accept(ForEachOps.java:184)<br />
                      java.util.stream.ReferencePipeline$2$1.accept(ReferencePipeline.java:175)<br />
                      java.util.Iterator.forEachRemaining(Iterator.java:116)<br />
                      java.util.Spliterators$IteratorSpliterator.forEachRemaining(Spliterators.java:1801)<br />
                      java.util.stream.AbstractPipeline.copyInto(AbstractPipeline.java:481)<br />
                      java.util.stream.AbstractPipeline.wrapAndCopyInto(AbstractPipeline.java:471)<br />
                      java.util.stream.ForEachOps$ForEachOp.evaluateSequential(ForEachOps.java:151)<br />
                      java.util.stream.ForEachOps$ForEachOp$OfRef.evaluateSequential(ForEachOps.java:174)<br />
                      java.util.stream.AbstractPipeline.evaluate(AbstractPipeline.java:234)<br />
                      java.util.stream.ReferencePipeline.forEach(ReferencePipeline.java:418)<br />
                      org.openqa.selenium.json.JsonOutput.lambda$new$23(JsonOutput.java:169)<br />
                      org.openqa.selenium.json.JsonOutput.write(JsonOutput.java:287)<br />
                      org.openqa.selenium.json.JsonOutput.lambda$new$24(JsonOutput.java:182)<br />
                      com.google.common.collect.SingletonImmutableBiMap.forEach(SingletonImmutableBiMap.java:68)<br />
                      org.openqa.selenium.json.JsonOutput.lambda$new$25(JsonOutput.java:177)<br />
                      org.openqa.selenium.json.JsonOutput.write(JsonOutput.java:287)<br />
                      org.openqa.selenium.json.JsonOutput.write(JsonOutput.java:278)<br />
                      org.openqa.selenium.json.Json.toJson(Json.java:42)<br />
                      org.openqa.selenium.remote.codec.AbstractHttpCommandCodec.encode(AbstractHttpCommandCodec.java:258)<br />
                      org.openqa.selenium.remote.codec.AbstractHttpCommandCodec.encode(AbstractHttpCommandCodec.java:122)<br />
                      org.openqa.selenium.remote.HttpCommandExecutor.execute(HttpCommandExecutor.java:181)<br />
                      org.openqa.selenium.remote.service.DriverCommandExecutor.invokeExecute(DriverCommandExecutor.java:183)<br />
                      org.openqa.selenium.remote.service.DriverCommandExecutor.execute(DriverCommandExecutor.java:158)<br />
                      org.openqa.selenium.remote.RemoteWebDriver.execute(RemoteWebDriver.java:543)<br />
                      org.openqa.selenium.remote.RemoteWebDriver.perform(RemoteWebDriver.java:611)<br />
                      org.openqa.selenium.interactions.Actions$BuiltAction.perform(Actions.java:567)<br />
                      org.openqa.selenium.interactions.Actions.perform(Actions.java:536)<br />
                      com.softwaretestingboard.magento.utility.Utility.mouseHoverToElement(Utility.java:237)<br />
                      com.softwaretestingboard.magento.pages.HomePage.mouseHoverOnTops(HomePage.java:55)<br />
                      com.softwaretestingboard.magento.testsuite.WomenJacketsTest.verifyTheSortByProductNameFilter(WomenJacketsTest.java:33)<br />
                      sun.reflect.NativeMethodAccessorImpl.invoke0(Native Method)<br />
                      sun.reflect.NativeMethodAccessorImpl.invoke(NativeMethodAccessorImpl.java:62)<br />
                      sun.reflect.DelegatingMethodAccessorImpl.invoke(DelegatingMethodAccessorImpl.java:43)<br />
                      java.lang.reflect.Method.invoke(Method.java:498)<br />
                      org.testng.internal.invokers.MethodInvocationHelper.invokeMethod(MethodInvocationHelper.java:135)<br />
                      org.testng.internal.invokers.TestInvoker.invokeMethod(TestInvoker.java:673)<br />
                      org.testng.internal.invokers.TestInvoker.invokeTestMethod(TestInvoker.java:220)<br />
                      org.testng.internal.invokers.MethodRunner.runInSequence(MethodRunner.java:50)<br />
                      org.testng.internal.invokers.TestInvoker$MethodInvocationAgent.invoke(TestInvoker.java:945)<br />
                      org.testng.internal.invokers.TestInvoker.invokeTestMethods(TestInvoker.java:193)<br />
                      org.testng.internal.invokers.TestMethodWorker.invokeTestMethods(TestMethodWorker.java:146)<br />
                      org.testng.internal.invokers.TestMethodWorker.run(TestMethodWorker.java:128)<br />
                      java.util.ArrayList.forEach(ArrayList.java:1249)<br />
                      org.testng.TestRunner.privateRun(TestRunner.java:808)<br />
                      org.testng.TestRunner.run(TestRunner.java:603)<br />
                      org.testng.SuiteRunner.runTest(SuiteRunner.java:429)<br />
                      org.testng.SuiteRunner.runSequentially(SuiteRunner.java:423)<br />
                      org.testng.SuiteRunner.privateRun(SuiteRunner.java:383)<br />
                      org.testng.SuiteRunner.run(SuiteRunner.java:326)<br />
                      org.testng.SuiteRunnerWorker.runSuite(SuiteRunnerWorker.java:52)<br />
                      org.testng.SuiteRunnerWorker.run(SuiteRunnerWorker.java:95)<br />
                      org.testng.TestNG.runSuitesSequentially(TestNG.java:1249)<br />
                      org.testng.TestNG.runSuitesLocally(TestNG.java:1169)<br />
                      org.testng.TestNG.runSuites(TestNG.java:1092)<br />
                      org.testng.TestNG.run(TestNG.java:1060)<br />
                      com.intellij.rt.testng.IDEARemoteTestNG.run(IDEARemoteTestNG.java:66)<br />
                      com.intellij.rt.testng.RemoteTestNGStarter.main(RemoteTestNGStarter.java:105)<br />
                  </div>
          </div>
      </td>
</tr>
      </table>


  <table class="resultsTable">
    <tr><th colspan="3" class="header passed">Passed Tests</th></tr>
          <tr>
        <td colspan="3" class="group">com.softwaretestingboard.magento.testsuite.MenTest</td>
      </tr>
            
<tr>
  <td class="method">
                  userShouldAddProductSuccessFullyToShoppingCart
      </td>
  <td class="duration">
    8.537s
  </td>
  <td class="result">
        
    
            <div class="testOutput">
                        Mouse hover on MenMenu in topMenu<br />
                                Mouse hover on bottom in topMenu<br />
                                Click on pants<br />
                                Mouse hover on cronus Yoga Pant<br />
                                Click on size<br />
                                Click on color<br />
                                Click on AddToCart<br />
                                Add To Cart text is displayed on page<br />
                                Click on shopping cart<br />
                                Cronus Yoga Pant text is displayed on page<br />
                                Size displayed on page [[ChromeDriver: chrome on WINDOWS (9c79afeb10f086c3e6c83ac0062bd4fc)] -&gt; xpath: //dd[contains(text(),&apos;32&apos;)]]<br />
                                Color displayed on page [[ChromeDriver: chrome on WINDOWS (9c79afeb10f086c3e6c83ac0062bd4fc)] -&gt; xpath: //dd[contains(text(),&apos;Black&apos;)]]<br />
                  </div>
    

      </td>
</tr>
      </table>
  
</body>
</html>
